[ 2026-02-01T10:32:11+08:00 ] 13.115.53.86 /pay/payexchange/autoExchangePaymentNotify
INFO: [ app_init ] --START--
INFO: Run Behavior\BuildLiteBehavior [ RunTime:0.000005s ]
INFO: [ app_init ] --END-- [ RunTime:0.000026s ]
INFO: [ app_begin ] --START--
INFO: Run Behavior\ReadHtmlCacheBehavior [ RunTime:0.000199s ]
INFO: Run Behavior\CheckLangBehavior [ RunTime:0.001656s ]
INFO: [ app_begin ] --END-- [ RunTime:0.001890s ]
NOTIC: [2] file_get_contents(./404.html): failed to open stream: No such file or directory /www/wwwroot/test-otc-api.beingfi.com/core/ThinkPHP.php 第 126 行.

[ 2026-02-01T10:33:15+08:00 ] 13.115.53.86 /pay/payexchange/autoExchangePaymentNotify
INFO: [ app_init ] --START--
INFO: Run Behavior\BuildLiteBehavior [ RunTime:0.000006s ]
INFO: [ app_init ] --END-- [ RunTime:0.000028s ]
INFO: [ app_begin ] --START--
INFO: Run Behavior\ReadHtmlCacheBehavior [ RunTime:0.000198s ]
INFO: Run Behavior\CheckLangBehavior [ RunTime:0.001907s ]
INFO: [ app_begin ] --END-- [ RunTime:0.002144s ]
NOTIC: [2] file_get_contents(./404.html): failed to open stream: No such file or directory /www/wwwroot/test-otc-api.beingfi.com/core/ThinkPHP.php 第 126 行.

[ 2026-02-01T10:34:00+08:00 ] 13.115.53.86 /pay/payexchange/autoExchangePaymentNotify
INFO: [ app_init ] --START--
INFO: Run Behavior\BuildLiteBehavior [ RunTime:0.000004s ]
INFO: [ app_init ] --END-- [ RunTime:0.000026s ]
INFO: [ app_begin ] --START--
INFO: Run Behavior\ReadHtmlCacheBehavior [ RunTime:0.000194s ]
INFO: Run Behavior\CheckLangBehavior [ RunTime:0.001859s ]
INFO: [ app_begin ] --END-- [ RunTime:0.002093s ]
NOTIC: [2] file_get_contents(./404.html): failed to open stream: No such file or directory /www/wwwroot/test-otc-api.beingfi.com/core/ThinkPHP.php 第 126 行.

[ 2026-02-01T10:34:38+08:00 ] 13.115.53.86 /Pay/PayExchange/autoExchangePaymentNotify
INFO: [ app_init ] --START--
INFO: Run Behavior\BuildLiteBehavior [ RunTime:0.000005s ]
INFO: [ app_init ] --END-- [ RunTime:0.000026s ]
INFO: [ app_begin ] --START--
INFO: Run Behavior\ReadHtmlCacheBehavior [ RunTime:0.000196s ]
INFO: Run Behavior\CheckLangBehavior [ RunTime:0.001904s ]
INFO: [ app_begin ] --END-- [ RunTime:0.002137s ]
NOTIC: [8] Undefined offset: 0 /www/wwwroot/test-otc-api.beingfi.com/core/Library/Think/Db/Driver.class.php 第 114 行.
NOTIC: [8] Undefined offset: 0 /www/wwwroot/test-otc-api.beingfi.com/core/Library/Think/Db/Driver.class.php 第 114 行.
NOTIC: [8] Undefined offset: 0 /www/wwwroot/test-otc-api.beingfi.com/core/Library/Think/Db/Driver.class.php 第 114 行.
NOTIC: [8] Undefined offset: 0 /www/wwwroot/test-otc-api.beingfi.com/core/Library/Think/Db/Driver.class.php 第 114 行.
NOTIC: [2] Invalid argument supplied for foreach() /www/wwwroot/test-otc-api.beingfi.com/Application/Pay/Controller/PayExchangeController.class.php 第 203 行.
INFO: [ app_end ] --START--
INFO: Run Behavior\ShowPageTraceBehavior [ RunTime:0.000367s ]
INFO: [ app_end ] --END-- [ RunTime:0.000391s ]

[ 2026-02-01T11:08:02+08:00 ] 13.115.53.86 /Pay/PayAutoPy/getAutoDataWithApp
INFO: [ app_init ] --START--
INFO: Run Behavior\BuildLiteBehavior [ RunTime:0.000005s ]
INFO: [ app_init ] --END-- [ RunTime:0.000028s ]
INFO: [ app_begin ] --START--
INFO: Run Behavior\ReadHtmlCacheBehavior [ RunTime:0.000190s ]
INFO: Run Behavior\CheckLangBehavior [ RunTime:0.001665s ]
INFO: [ app_begin ] --END-- [ RunTime:0.001891s ]
NOTIC: [8] Undefined offset: 0 /www/wwwroot/test-otc-api.beingfi.com/core/Library/Think/Db/Driver.class.php 第 114 行.
NOTIC: [8] Undefined offset: 0 /www/wwwroot/test-otc-api.beingfi.com/core/Library/Think/Db/Driver.class.php 第 114 行.
NOTIC: [8] Undefined offset: 0 /www/wwwroot/test-otc-api.beingfi.com/core/Library/Think/Db/Driver.class.php 第 114 行.
NOTIC: [2] Invalid argument supplied for foreach() /www/wwwroot/test-otc-api.beingfi.com/Application/Pay/Controller/PayAutoPyController.class.php 第 45 行.
NOTIC: [8] Undefined offset: 0 /www/wwwroot/test-otc-api.beingfi.com/core/Library/Think/Db/Driver.class.php 第 114 行.
NOTIC: [8] Undefined offset: 0 /www/wwwroot/test-otc-api.beingfi.com/core/Library/Think/Db/Driver.class.php 第 114 行.
NOTIC: [8] Undefined offset: 0 /www/wwwroot/test-otc-api.beingfi.com/core/Library/Think/Db/Driver.class.php 第 114 行.

[ 2026-02-01T11:10:23+08:00 ] 13.115.53.86 /Pay/PayAutoPy/getAutoDataWithApp
INFO: [ app_init ] --START--
INFO: Run Behavior\BuildLiteBehavior [ RunTime:0.000006s ]
INFO: [ app_init ] --END-- [ RunTime:0.000027s ]
INFO: [ app_begin ] --START--
INFO: Run Behavior\ReadHtmlCacheBehavior [ RunTime:0.000189s ]
INFO: Run Behavior\CheckLangBehavior [ RunTime:0.001706s ]
INFO: [ app_begin ] --END-- [ RunTime:0.001929s ]
NOTIC: [8] Undefined offset: 0 /www/wwwroot/test-otc-api.beingfi.com/core/Library/Think/Db/Driver.class.php 第 114 行.
NOTIC: [8] Undefined offset: 0 /www/wwwroot/test-otc-api.beingfi.com/core/Library/Think/Db/Driver.class.php 第 114 行.
NOTIC: [8] Undefined offset: 0 /www/wwwroot/test-otc-api.beingfi.com/core/Library/Think/Db/Driver.class.php 第 114 行.
NOTIC: [2] Invalid argument supplied for foreach() /www/wwwroot/test-otc-api.beingfi.com/Application/Pay/Controller/PayAutoPyController.class.php 第 45 行.
NOTIC: [8] Undefined offset: 0 /www/wwwroot/test-otc-api.beingfi.com/core/Library/Think/Db/Driver.class.php 第 114 行.
NOTIC: [8] Undefined offset: 0 /www/wwwroot/test-otc-api.beingfi.com/core/Library/Think/Db/Driver.class.php 第 114 行.
NOTIC: [8] Undefined offset: 0 /www/wwwroot/test-otc-api.beingfi.com/core/Library/Think/Db/Driver.class.php 第 114 行.

[ 2026-02-01T11:11:08+08:00 ] 13.115.53.86 /Pay/PayAutoPy/getAutoDataWithApp
INFO: [ app_init ] --START--
INFO: Run Behavior\BuildLiteBehavior [ RunTime:0.000004s ]
INFO: [ app_init ] --END-- [ RunTime:0.000027s ]
INFO: [ app_begin ] --START--
INFO: Run Behavior\ReadHtmlCacheBehavior [ RunTime:0.000197s ]
INFO: Run Behavior\CheckLangBehavior [ RunTime:0.001884s ]
INFO: [ app_begin ] --END-- [ RunTime:0.002125s ]
NOTIC: [8] Undefined offset: 0 /www/wwwroot/test-otc-api.beingfi.com/core/Library/Think/Db/Driver.class.php 第 114 行.
NOTIC: [8] Undefined offset: 0 /www/wwwroot/test-otc-api.beingfi.com/core/Library/Think/Db/Driver.class.php 第 114 行.
NOTIC: [8] Undefined offset: 0 /www/wwwroot/test-otc-api.beingfi.com/core/Library/Think/Db/Driver.class.php 第 114 行.
NOTIC: [2] Invalid argument supplied for foreach() /www/wwwroot/test-otc-api.beingfi.com/Application/Pay/Controller/PayAutoPyController.class.php 第 37 行.
NOTIC: [8] Undefined offset: 0 /www/wwwroot/test-otc-api.beingfi.com/core/Library/Think/Db/Driver.class.php 第 114 行.
NOTIC: [8] Undefined offset: 0 /www/wwwroot/test-otc-api.beingfi.com/core/Library/Think/Db/Driver.class.php 第 114 行.
NOTIC: [8] Undefined offset: 0 /www/wwwroot/test-otc-api.beingfi.com/core/Library/Think/Db/Driver.class.php 第 114 行.

[ 2026-02-01T11:12:54+08:00 ] 13.115.53.86 /Pay/PayAutoPy/getAutoDataWithApp
INFO: [ app_init ] --START--
INFO: Run Behavior\BuildLiteBehavior [ RunTime:0.000004s ]
INFO: [ app_init ] --END-- [ RunTime:0.000027s ]
INFO: [ app_begin ] --START--
INFO: Run Behavior\ReadHtmlCacheBehavior [ RunTime:0.000191s ]
INFO: Run Behavior\CheckLangBehavior [ RunTime:0.001874s ]
INFO: [ app_begin ] --END-- [ RunTime:0.002099s ]
NOTIC: [8] Undefined offset: 0 /www/wwwroot/test-otc-api.beingfi.com/core/Library/Think/Db/Driver.class.php 第 114 行.
NOTIC: [8] Undefined offset: 0 /www/wwwroot/test-otc-api.beingfi.com/core/Library/Think/Db/Driver.class.php 第 114 行.
NOTIC: [8] Undefined offset: 0 /www/wwwroot/test-otc-api.beingfi.com/core/Library/Think/Db/Driver.class.php 第 114 行.
NOTIC: [2] Invalid argument supplied for foreach() /www/wwwroot/test-otc-api.beingfi.com/Application/Pay/Controller/PayAutoPyController.class.php 第 36 行.
NOTIC: [8] Undefined offset: 0 /www/wwwroot/test-otc-api.beingfi.com/core/Library/Think/Db/Driver.class.php 第 114 行.
NOTIC: [8] Undefined offset: 0 /www/wwwroot/test-otc-api.beingfi.com/core/Library/Think/Db/Driver.class.php 第 114 行.
NOTIC: [8] Undefined offset: 0 /www/wwwroot/test-otc-api.beingfi.com/core/Library/Think/Db/Driver.class.php 第 114 行.

[ 2026-02-01T11:13:07+08:00 ] 13.115.53.86 /Pay/PayAutoPy/getAutoDataWithApp
INFO: [ app_init ] --START--
INFO: Run Behavior\BuildLiteBehavior [ RunTime:0.000005s ]
INFO: [ app_init ] --END-- [ RunTime:0.000026s ]
INFO: [ app_begin ] --START--
INFO: Run Behavior\ReadHtmlCacheBehavior [ RunTime:0.000186s ]
INFO: Run Behavior\CheckLangBehavior [ RunTime:0.001869s ]
INFO: [ app_begin ] --END-- [ RunTime:0.002090s ]
NOTIC: [8] Undefined offset: 0 /www/wwwroot/test-otc-api.beingfi.com/core/Library/Think/Db/Driver.class.php 第 114 行.
NOTIC: [8] Undefined offset: 0 /www/wwwroot/test-otc-api.beingfi.com/core/Library/Think/Db/Driver.class.php 第 114 行.
NOTIC: [8] Undefined offset: 0 /www/wwwroot/test-otc-api.beingfi.com/core/Library/Think/Db/Driver.class.php 第 114 行.

[ 2026-02-01T11:13:44+08:00 ] 13.115.53.86 /Pay/PayAutoPy/getAutoDataWithApp
INFO: [ app_init ] --START--
INFO: Run Behavior\BuildLiteBehavior [ RunTime:0.000005s ]
INFO: [ app_init ] --END-- [ RunTime:0.000027s ]
INFO: [ app_begin ] --START--
INFO: Run Behavior\ReadHtmlCacheBehavior [ RunTime:0.000196s ]
INFO: Run Behavior\CheckLangBehavior [ RunTime:0.001865s ]
INFO: [ app_begin ] --END-- [ RunTime:0.002101s ]
NOTIC: [8] Undefined offset: 0 /www/wwwroot/test-otc-api.beingfi.com/core/Library/Think/Db/Driver.class.php 第 114 行.
NOTIC: [8] Undefined offset: 0 /www/wwwroot/test-otc-api.beingfi.com/core/Library/Think/Db/Driver.class.php 第 114 行.
NOTIC: [8] Undefined offset: 0 /www/wwwroot/test-otc-api.beingfi.com/core/Library/Think/Db/Driver.class.php 第 114 行.
NOTIC: [2] Invalid argument supplied for foreach() /www/wwwroot/test-otc-api.beingfi.com/Application/Pay/Controller/PayAutoPyController.class.php 第 35 行.

[ 2026-02-01T11:14:08+08:00 ] 13.115.53.86 /Pay/PayAutoPy/getAutoDataWithApp
INFO: [ app_init ] --START--
INFO: Run Behavior\BuildLiteBehavior [ RunTime:0.000004s ]
INFO: [ app_init ] --END-- [ RunTime:0.000026s ]
INFO: [ app_begin ] --START--
INFO: Run Behavior\ReadHtmlCacheBehavior [ RunTime:0.000188s ]
INFO: Run Behavior\CheckLangBehavior [ RunTime:0.001664s ]
INFO: [ app_begin ] --END-- [ RunTime:0.001886s ]
NOTIC: [8] Undefined offset: 0 /www/wwwroot/test-otc-api.beingfi.com/core/Library/Think/Db/Driver.class.php 第 114 行.
NOTIC: [8] Undefined offset: 0 /www/wwwroot/test-otc-api.beingfi.com/core/Library/Think/Db/Driver.class.php 第 114 行.
NOTIC: [8] Undefined offset: 0 /www/wwwroot/test-otc-api.beingfi.com/core/Library/Think/Db/Driver.class.php 第 114 行.

[ 2026-02-01T11:15:10+08:00 ] 13.115.53.86 /Pay/PayAutoPy/getAutoDataWithApp
INFO: [ app_init ] --START--
INFO: Run Behavior\BuildLiteBehavior [ RunTime:0.000005s ]
INFO: [ app_init ] --END-- [ RunTime:0.000027s ]
INFO: [ app_begin ] --START--
INFO: Run Behavior\ReadHtmlCacheBehavior [ RunTime:0.000198s ]
INFO: Run Behavior\CheckLangBehavior [ RunTime:0.001890s ]
INFO: [ app_begin ] --END-- [ RunTime:0.002128s ]
NOTIC: [8] Undefined offset: 0 /www/wwwroot/test-otc-api.beingfi.com/core/Library/Think/Db/Driver.class.php 第 114 行.
NOTIC: [8] Undefined offset: 0 /www/wwwroot/test-otc-api.beingfi.com/core/Library/Think/Db/Driver.class.php 第 114 行.
NOTIC: [8] Undefined offset: 0 /www/wwwroot/test-otc-api.beingfi.com/core/Library/Think/Db/Driver.class.php 第 114 行.

[ 2026-02-01T11:15:26+08:00 ] 13.115.53.86 /Pay/PayAutoPy/getAutoDataWithApp
INFO: [ app_init ] --START--
INFO: Run Behavior\BuildLiteBehavior [ RunTime:0.000005s ]
INFO: [ app_init ] --END-- [ RunTime:0.000027s ]
INFO: [ app_begin ] --START--
INFO: Run Behavior\ReadHtmlCacheBehavior [ RunTime:0.000194s ]
INFO: Run Behavior\CheckLangBehavior [ RunTime:0.001891s ]
INFO: [ app_begin ] --END-- [ RunTime:0.002125s ]
NOTIC: [8] Undefined offset: 0 /www/wwwroot/test-otc-api.beingfi.com/core/Library/Think/Db/Driver.class.php 第 114 行.
NOTIC: [8] Undefined offset: 0 /www/wwwroot/test-otc-api.beingfi.com/core/Library/Think/Db/Driver.class.php 第 114 行.
NOTIC: [8] Undefined offset: 0 /www/wwwroot/test-otc-api.beingfi.com/core/Library/Think/Db/Driver.class.php 第 114 行.

[ 2026-02-01T11:16:19+08:00 ] 13.115.53.86 /Pay/PayAutoPy/getAutoDataWithApp
INFO: [ app_init ] --START--
INFO: Run Behavior\BuildLiteBehavior [ RunTime:0.000004s ]
INFO: [ app_init ] --END-- [ RunTime:0.000027s ]
INFO: [ app_begin ] --START--
INFO: Run Behavior\ReadHtmlCacheBehavior [ RunTime:0.000191s ]
INFO: Run Behavior\CheckLangBehavior [ RunTime:0.001891s ]
INFO: [ app_begin ] --END-- [ RunTime:0.002119s ]

[ 2026-02-01T11:16:27+08:00 ] 13.115.53.86 /Pay/PayAutoPy/getAutoDataWithApp
INFO: [ app_init ] --START--
INFO: Run Behavior\BuildLiteBehavior [ RunTime:0.000005s ]
INFO: [ app_init ] --END-- [ RunTime:0.000026s ]
INFO: [ app_begin ] --START--
INFO: Run Behavior\ReadHtmlCacheBehavior [ RunTime:0.000190s ]
INFO: Run Behavior\CheckLangBehavior [ RunTime:0.001868s ]
INFO: [ app_begin ] --END-- [ RunTime:0.002092s ]
NOTIC: [2] Invalid argument supplied for foreach() /www/wwwroot/test-otc-api.beingfi.com/Application/Pay/Controller/PayAutoPyController.class.php 第 35 行.

[ 2026-02-01T11:16:37+08:00 ] 13.115.53.86 /Pay/PayAutoPy/getAutoDataWithApp
INFO: [ app_init ] --START--
INFO: Run Behavior\BuildLiteBehavior [ RunTime:0.000005s ]
INFO: [ app_init ] --END-- [ RunTime:0.000027s ]
INFO: [ app_begin ] --START--
INFO: Run Behavior\ReadHtmlCacheBehavior [ RunTime:0.000189s ]
INFO: Run Behavior\CheckLangBehavior [ RunTime:0.001873s ]
INFO: [ app_begin ] --END-- [ RunTime:0.002098s ]

[ 2026-02-01T11:17:07+08:00 ] 13.115.53.86 /Pay/PayAutoPy/getAutoDataWithApp
INFO: [ app_init ] --START--
INFO: Run Behavior\BuildLiteBehavior [ RunTime:0.000005s ]
INFO: [ app_init ] --END-- [ RunTime:0.000028s ]
INFO: [ app_begin ] --START--
INFO: Run Behavior\ReadHtmlCacheBehavior [ RunTime:0.000191s ]
INFO: Run Behavior\CheckLangBehavior [ RunTime:0.001709s ]
INFO: [ app_begin ] --END-- [ RunTime:0.001936s ]
ERR: 1146:Table 'exchange_db.tw_exchange_order_2026021' doesn't exist
 [ SQL语句 ] : SHOW COLUMNS FROM `tw_exchange_order_2026021`
ERR: 1146:Table 'exchange_db.tw_exchange_order_2026015' doesn't exist
 [ SQL语句 ] : SHOW COLUMNS FROM `tw_exchange_order_2026015`
NOTIC: [2] array_push() expects at least 2 parameters, 1 given /www/wwwroot/test-otc-api.beingfi.com/Application/Pay/Controller/PayAutoPyController.class.php 第 51 行.

[ 2026-02-01T11:18:03+08:00 ] 13.115.53.86 /Pay/PayAutoPy/getAutoDataWithApp
INFO: [ app_init ] --START--
INFO: Run Behavior\BuildLiteBehavior [ RunTime:0.000005s ]
INFO: [ app_init ] --END-- [ RunTime:0.000027s ]
INFO: [ app_begin ] --START--
INFO: Run Behavior\ReadHtmlCacheBehavior [ RunTime:0.000196s ]
INFO: Run Behavior\CheckLangBehavior [ RunTime:0.001894s ]
INFO: [ app_begin ] --END-- [ RunTime:0.002127s ]
ERR: 1146:Table 'exchange_db.tw_exchange_order_2026015' doesn't exist
 [ SQL语句 ] : SHOW COLUMNS FROM `tw_exchange_order_2026015`
NOTIC: [2] array_push() expects at least 2 parameters, 1 given /www/wwwroot/test-otc-api.beingfi.com/Application/Pay/Controller/PayAutoPyController.class.php 第 51 行.

[ 2026-02-01T11:18:17+08:00 ] 13.115.53.86 /Pay/PayAutoPy/getAutoDataWithApp
INFO: [ app_init ] --START--
INFO: Run Behavior\BuildLiteBehavior [ RunTime:0.000005s ]
INFO: [ app_init ] --END-- [ RunTime:0.000027s ]
INFO: [ app_begin ] --START--
INFO: Run Behavior\ReadHtmlCacheBehavior [ RunTime:0.000188s ]
INFO: Run Behavior\CheckLangBehavior [ RunTime:0.001678s ]
INFO: [ app_begin ] --END-- [ RunTime:0.001901s ]
ERR: 1146:Table 'exchange_db.tw_exchange_order_2026015' doesn't exist
 [ SQL语句 ] : SHOW COLUMNS FROM `tw_exchange_order_2026015`
NOTIC: [2] array_push() expects at least 2 parameters, 1 given /www/wwwroot/test-otc-api.beingfi.com/Application/Pay/Controller/PayAutoPyController.class.php 第 52 行.

[ 2026-02-01T11:18:33+08:00 ] 13.115.53.86 /Pay/PayAutoPy/getAutoDataWithApp
INFO: [ app_init ] --START--
INFO: Run Behavior\BuildLiteBehavior [ RunTime:0.000005s ]
INFO: [ app_init ] --END-- [ RunTime:0.000027s ]
INFO: [ app_begin ] --START--
INFO: Run Behavior\ReadHtmlCacheBehavior [ RunTime:0.000207s ]
INFO: Run Behavior\CheckLangBehavior [ RunTime:0.002111s ]
INFO: [ app_begin ] --END-- [ RunTime:0.002358s ]
ERR: 1146:Table 'exchange_db.tw_exchange_order_2026015' doesn't exist
 [ SQL语句 ] : SHOW COLUMNS FROM `tw_exchange_order_2026015`
NOTIC: [2] array_push() expects at least 2 parameters, 1 given /www/wwwroot/test-otc-api.beingfi.com/Application/Pay/Controller/PayAutoPyController.class.php 第 52 行.

[ 2026-02-01T11:18:43+08:00 ] 13.115.53.86 /Pay/PayAutoPy/getAutoDataWithApp
INFO: [ app_init ] --START--
INFO: Run Behavior\BuildLiteBehavior [ RunTime:0.000005s ]
INFO: [ app_init ] --END-- [ RunTime:0.000026s ]
INFO: [ app_begin ] --START--
INFO: Run Behavior\ReadHtmlCacheBehavior [ RunTime:0.000190s ]
INFO: Run Behavior\CheckLangBehavior [ RunTime:0.001678s ]
INFO: [ app_begin ] --END-- [ RunTime:0.001904s ]
ERR: 1146:Table 'exchange_db.tw_exchange_order_2026015' doesn't exist
 [ SQL语句 ] : SHOW COLUMNS FROM `tw_exchange_order_2026015`
ERR: 1146:Table 'exchange_db.tw_exchange_order_2026014' doesn't exist
 [ SQL语句 ] : SHOW COLUMNS FROM `tw_exchange_order_2026014`
ERR: 1146:Table 'exchange_db.tw_exchange_order_2026013' doesn't exist
 [ SQL语句 ] : SHOW COLUMNS FROM `tw_exchange_order_2026013`
NOTIC: [2] array_push() expects at least 2 parameters, 1 given /www/wwwroot/test-otc-api.beingfi.com/Application/Pay/Controller/PayAutoPyController.class.php 第 51 行.

[ 2026-02-01T11:18:56+08:00 ] 13.115.53.86 /Pay/PayAutoPy/getAutoDataWithApp
INFO: [ app_init ] --START--
INFO: Run Behavior\BuildLiteBehavior [ RunTime:0.000005s ]
INFO: [ app_init ] --END-- [ RunTime:0.000027s ]
INFO: [ app_begin ] --START--
INFO: Run Behavior\ReadHtmlCacheBehavior [ RunTime:0.000195s ]
INFO: Run Behavior\CheckLangBehavior [ RunTime:0.001883s ]
INFO: [ app_begin ] --END-- [ RunTime:0.002117s ]
ERR: 1146:Table 'exchange_db.tw_exchange_order_2026015' doesn't exist
 [ SQL语句 ] : SHOW COLUMNS FROM `tw_exchange_order_2026015`
NOTIC: [2] array_push() expects at least 2 parameters, 1 given /www/wwwroot/test-otc-api.beingfi.com/Application/Pay/Controller/PayAutoPyController.class.php 第 51 行.

[ 2026-02-01T11:19:06+08:00 ] 13.115.53.86 /Pay/PayAutoPy/getAutoDataWithApp
INFO: [ app_init ] --START--
INFO: Run Behavior\BuildLiteBehavior [ RunTime:0.000005s ]
INFO: [ app_init ] --END-- [ RunTime:0.000027s ]
INFO: [ app_begin ] --START--
INFO: Run Behavior\ReadHtmlCacheBehavior [ RunTime:0.000189s ]
INFO: Run Behavior\CheckLangBehavior [ RunTime:0.001815s ]
INFO: [ app_begin ] --END-- [ RunTime:0.002040s ]
ERR: 1146:Table 'exchange_db.tw_exchange_order_2026015' doesn't exist
 [ SQL语句 ] : SHOW COLUMNS FROM `tw_exchange_order_2026015`
NOTIC: [2] array_push() expects at least 2 parameters, 1 given /www/wwwroot/test-otc-api.beingfi.com/Application/Pay/Controller/PayAutoPyController.class.php 第 52 行.

[ 2026-02-01T11:19:22+08:00 ] 13.115.53.86 /Pay/PayAutoPy/getAutoDataWithApp
INFO: [ app_init ] --START--
INFO: Run Behavior\BuildLiteBehavior [ RunTime:0.000005s ]
INFO: [ app_init ] --END-- [ RunTime:0.000027s ]
INFO: [ app_begin ] --START--
INFO: Run Behavior\ReadHtmlCacheBehavior [ RunTime:0.000187s ]
INFO: Run Behavior\CheckLangBehavior [ RunTime:0.001689s ]
INFO: [ app_begin ] --END-- [ RunTime:0.001912s ]
ERR: 1146:Table 'exchange_db.tw_exchange_order_2026015' doesn't exist
 [ SQL语句 ] : SHOW COLUMNS FROM `tw_exchange_order_2026015`
ERR: 1146:Table 'exchange_db.tw_exchange_order_2026014' doesn't exist
 [ SQL语句 ] : SHOW COLUMNS FROM `tw_exchange_order_2026014`
ERR: 1146:Table 'exchange_db.tw_exchange_order_2026013' doesn't exist
 [ SQL语句 ] : SHOW COLUMNS FROM `tw_exchange_order_2026013`
NOTIC: [2] array_push() expects at least 2 parameters, 1 given /www/wwwroot/test-otc-api.beingfi.com/Application/Pay/Controller/PayAutoPyController.class.php 第 52 行.

[ 2026-02-01T11:19:23+08:00 ] 13.115.53.86 /Pay/PayAutoPy/getAutoDataWithApp
INFO: [ app_init ] --START--
INFO: Run Behavior\BuildLiteBehavior [ RunTime:0.000005s ]
INFO: [ app_init ] --END-- [ RunTime:0.000027s ]
INFO: [ app_begin ] --START--
INFO: Run Behavior\ReadHtmlCacheBehavior [ RunTime:0.000229s ]
INFO: Run Behavior\CheckLangBehavior [ RunTime:0.001891s ]
INFO: [ app_begin ] --END-- [ RunTime:0.002158s ]
ERR: 1146:Table 'exchange_db.tw_exchange_order_2026015' doesn't exist
 [ SQL语句 ] : SHOW COLUMNS FROM `tw_exchange_order_2026015`
ERR: 1146:Table 'exchange_db.tw_exchange_order_2026014' doesn't exist
 [ SQL语句 ] : SHOW COLUMNS FROM `tw_exchange_order_2026014`
ERR: 1146:Table 'exchange_db.tw_exchange_order_2026013' doesn't exist
 [ SQL语句 ] : SHOW COLUMNS FROM `tw_exchange_order_2026013`
NOTIC: [2] array_push() expects at least 2 parameters, 1 given /www/wwwroot/test-otc-api.beingfi.com/Application/Pay/Controller/PayAutoPyController.class.php 第 52 行.

[ 2026-02-01T11:19:53+08:00 ] 13.115.53.86 /Pay/PayAutoPy/getAutoDataWithApp
INFO: [ app_init ] --START--
INFO: Run Behavior\BuildLiteBehavior [ RunTime:0.000005s ]
INFO: [ app_init ] --END-- [ RunTime:0.000026s ]
INFO: [ app_begin ] --START--
INFO: Run Behavior\ReadHtmlCacheBehavior [ RunTime:0.000189s ]
INFO: Run Behavior\CheckLangBehavior [ RunTime:0.001723s ]
INFO: [ app_begin ] --END-- [ RunTime:0.001947s ]
ERR: 1146:Table 'exchange_db.tw_exchange_order_2026015' doesn't exist
 [ SQL语句 ] : SHOW COLUMNS FROM `tw_exchange_order_2026015`
ERR: 1146:Table 'exchange_db.tw_exchange_order_2026014' doesn't exist
 [ SQL语句 ] : SHOW COLUMNS FROM `tw_exchange_order_2026014`
ERR: 1146:Table 'exchange_db.tw_exchange_order_2026013' doesn't exist
 [ SQL语句 ] : SHOW COLUMNS FROM `tw_exchange_order_2026013`
NOTIC: [2] array_push() expects at least 2 parameters, 1 given /www/wwwroot/test-otc-api.beingfi.com/Application/Pay/Controller/PayAutoPyController.class.php 第 52 行.

[ 2026-02-01T11:21:10+08:00 ] 13.115.53.86 /Pay/PayAutoPy/getAutoDataWithApp
INFO: [ app_init ] --START--
INFO: Run Behavior\BuildLiteBehavior [ RunTime:0.000005s ]
INFO: [ app_init ] --END-- [ RunTime:0.000027s ]
INFO: [ app_begin ] --START--
INFO: Run Behavior\ReadHtmlCacheBehavior [ RunTime:0.000189s ]
INFO: Run Behavior\CheckLangBehavior [ RunTime:0.001718s ]
INFO: [ app_begin ] --END-- [ RunTime:0.001942s ]
ERR: 1146:Table 'exchange_db.tw_exchange_order_2026015' doesn't exist
 [ SQL语句 ] : SHOW COLUMNS FROM `tw_exchange_order_2026015`
ERR: 1146:Table 'exchange_db.tw_exchange_order_2026014' doesn't exist
 [ SQL语句 ] : SHOW COLUMNS FROM `tw_exchange_order_2026014`
ERR: 1146:Table 'exchange_db.tw_exchange_order_2026013' doesn't exist
 [ SQL语句 ] : SHOW COLUMNS FROM `tw_exchange_order_2026013`
NOTIC: [2] implode(): Invalid arguments passed /www/wwwroot/test-otc-api.beingfi.com/core/Library/Think/Db/Driver.class.php 第 579 行.
ERR: 1064:You have an error in your SQL syntax; check the manual that corresponds to your MySQL server version for the right syntax to use near ') ORDER BY id asc' at line 1
 [ SQL语句 ] : SELECT * FROM `tw_exchange_order_2026021` WHERE `otype` = 1 AND `payparams_id` = 601 AND `status` IN () ORDER BY id asc 
NOTIC: [2] implode(): Invalid arguments passed /www/wwwroot/test-otc-api.beingfi.com/core/Library/Think/Db/Driver.class.php 第 579 行.
ERR: 1064:You have an error in your SQL syntax; check the manual that corresponds to your MySQL server version for the right syntax to use near ') ORDER BY id asc' at line 1
 [ SQL语句 ] : SELECT * FROM `tw_exchange_order_2026021` WHERE `otype` = 1 AND `payparams_id` = 603 AND `status` IN () ORDER BY id asc 
NOTIC: [2] array_push() expects at least 2 parameters, 1 given /www/wwwroot/test-otc-api.beingfi.com/Application/Pay/Controller/PayAutoPyController.class.php 第 53 行.

[ 2026-02-01T11:21:24+08:00 ] 13.115.53.86 /Pay/PayAutoPy/getAutoDataWithApp
INFO: [ app_init ] --START--
INFO: Run Behavior\BuildLiteBehavior [ RunTime:0.000005s ]
INFO: [ app_init ] --END-- [ RunTime:0.000028s ]
INFO: [ app_begin ] --START--
INFO: Run Behavior\ReadHtmlCacheBehavior [ RunTime:0.000200s ]
INFO: Run Behavior\CheckLangBehavior [ RunTime:0.001887s ]
INFO: [ app_begin ] --END-- [ RunTime:0.002125s ]
ERR: 1146:Table 'exchange_db.tw_exchange_order_2026015' doesn't exist
 [ SQL语句 ] : SHOW COLUMNS FROM `tw_exchange_order_2026015`
ERR: 1146:Table 'exchange_db.tw_exchange_order_2026014' doesn't exist
 [ SQL语句 ] : SHOW COLUMNS FROM `tw_exchange_order_2026014`
ERR: 1146:Table 'exchange_db.tw_exchange_order_2026013' doesn't exist
 [ SQL语句 ] : SHOW COLUMNS FROM `tw_exchange_order_2026013`
NOTIC: [2] implode(): Invalid arguments passed /www/wwwroot/test-otc-api.beingfi.com/core/Library/Think/Db/Driver.class.php 第 579 行.
ERR: 1064:You have an error in your SQL syntax; check the manual that corresponds to your MySQL server version for the right syntax to use near ') ORDER BY id asc' at line 1
 [ SQL语句 ] : SELECT * FROM `tw_exchange_order_2026021` WHERE `otype` = 1 AND `payparams_id` = 601 AND `status` IN () ORDER BY id asc 
NOTIC: [2] implode(): Invalid arguments passed /www/wwwroot/test-otc-api.beingfi.com/core/Library/Think/Db/Driver.class.php 第 579 行.
ERR: 1064:You have an error in your SQL syntax; check the manual that corresponds to your MySQL server version for the right syntax to use near ') ORDER BY id asc' at line 1
 [ SQL语句 ] : SELECT * FROM `tw_exchange_order_2026021` WHERE `otype` = 1 AND `payparams_id` = 603 AND `status` IN () ORDER BY id asc 
NOTIC: [2] array_push() expects at least 2 parameters, 1 given /www/wwwroot/test-otc-api.beingfi.com/Application/Pay/Controller/PayAutoPyController.class.php 第 59 行.

[ 2026-02-01T11:21:37+08:00 ] 13.115.53.86 /Pay/PayAutoPy/getAutoDataWithApp
INFO: [ app_init ] --START--
INFO: Run Behavior\BuildLiteBehavior [ RunTime:0.000005s ]
INFO: [ app_init ] --END-- [ RunTime:0.000027s ]
INFO: [ app_begin ] --START--
INFO: Run Behavior\ReadHtmlCacheBehavior [ RunTime:0.000187s ]
INFO: Run Behavior\CheckLangBehavior [ RunTime:0.001895s ]
INFO: [ app_begin ] --END-- [ RunTime:0.002119s ]
INFO: ExchangeOrderModel order only Frist call where function, 必须优先调用where函数，可以传空

[ 2026-02-01T11:21:52+08:00 ] 13.115.53.86 /Pay/PayAutoPy/getAutoDataWithApp
INFO: [ app_init ] --START--
INFO: Run Behavior\BuildLiteBehavior [ RunTime:0.000004s ]
INFO: [ app_init ] --END-- [ RunTime:0.000027s ]
INFO: [ app_begin ] --START--
INFO: Run Behavior\ReadHtmlCacheBehavior [ RunTime:0.000188s ]
INFO: Run Behavior\CheckLangBehavior [ RunTime:0.001886s ]
INFO: [ app_begin ] --END-- [ RunTime:0.002109s ]
ERR: 1146:Table 'exchange_db.tw_exchange_order_2026015' doesn't exist
 [ SQL语句 ] : SHOW COLUMNS FROM `tw_exchange_order_2026015`
ERR: 1146:Table 'exchange_db.tw_exchange_order_2026014' doesn't exist
 [ SQL语句 ] : SHOW COLUMNS FROM `tw_exchange_order_2026014`
ERR: 1146:Table 'exchange_db.tw_exchange_order_2026013' doesn't exist
 [ SQL语句 ] : SHOW COLUMNS FROM `tw_exchange_order_2026013`
NOTIC: [2] array_push() expects at least 2 parameters, 1 given /www/wwwroot/test-otc-api.beingfi.com/Application/Pay/Controller/PayAutoPyController.class.php 第 59 行.

[ 2026-02-01T11:22:26+08:00 ] 13.115.53.86 /Pay/PayAutoPy/getAutoDataWithApp
INFO: [ app_init ] --START--
INFO: Run Behavior\BuildLiteBehavior [ RunTime:0.000006s ]
INFO: [ app_init ] --END-- [ RunTime:0.000029s ]
INFO: [ app_begin ] --START--
INFO: Run Behavior\ReadHtmlCacheBehavior [ RunTime:0.000187s ]
INFO: Run Behavior\CheckLangBehavior [ RunTime:0.001880s ]
INFO: [ app_begin ] --END-- [ RunTime:0.002101s ]

[ 2026-02-01T11:22:38+08:00 ] 13.115.53.86 /Pay/PayAutoPy/getAutoDataWithApp
INFO: [ app_init ] --START--
INFO: Run Behavior\BuildLiteBehavior [ RunTime:0.000005s ]
INFO: [ app_init ] --END-- [ RunTime:0.000027s ]
INFO: [ app_begin ] --START--
INFO: Run Behavior\ReadHtmlCacheBehavior [ RunTime:0.000190s ]
INFO: Run Behavior\CheckLangBehavior [ RunTime:0.001888s ]
INFO: [ app_begin ] --END-- [ RunTime:0.002114s ]

[ 2026-02-01T11:22:44+08:00 ] 13.115.53.86 /Pay/PayAutoPy/getAutoDataWithApp
INFO: [ app_init ] --START--
INFO: Run Behavior\BuildLiteBehavior [ RunTime:0.000004s ]
INFO: [ app_init ] --END-- [ RunTime:0.000026s ]
INFO: [ app_begin ] --START--
INFO: Run Behavior\ReadHtmlCacheBehavior [ RunTime:0.000191s ]
INFO: Run Behavior\CheckLangBehavior [ RunTime:0.001717s ]
INFO: [ app_begin ] --END-- [ RunTime:0.001944s ]
NOTIC: [2] implode(): Invalid arguments passed /www/wwwroot/test-otc-api.beingfi.com/core/Library/Think/Db/Driver.class.php 第 579 行.
ERR: 1064:You have an error in your SQL syntax; check the manual that corresponds to your MySQL server version for the right syntax to use near ') AND `addtime` BETWEEN 1769829764 AND 1769916164 ORDER BY id asc' at line 1
 [ SQL语句 ] : SELECT * FROM `tw_exchange_order_2026012` WHERE `otype` = 1 AND `payparams_id` = 601 AND `status` IN () AND `addtime` BETWEEN 1769829764 AND 1769916164 ORDER BY id asc 
NOTIC: [2] Invalid argument supplied for foreach() /www/wwwroot/test-otc-api.beingfi.com/Application/Pay/Controller/PayAutoPyController.class.php 第 48 行.
NOTIC: [2] implode(): Invalid arguments passed /www/wwwroot/test-otc-api.beingfi.com/core/Library/Think/Db/Driver.class.php 第 579 行.
ERR: 1064:You have an error in your SQL syntax; check the manual that corresponds to your MySQL server version for the right syntax to use near ') AND `addtime` BETWEEN 1769829764 AND 1769916164 ORDER BY id asc' at line 1
 [ SQL语句 ] : SELECT * FROM `tw_exchange_order_2026012` WHERE `otype` = 1 AND `payparams_id` = 603 AND `status` IN () AND `addtime` BETWEEN 1769829764 AND 1769916164 ORDER BY id asc 
NOTIC: [2] Invalid argument supplied for foreach() /www/wwwroot/test-otc-api.beingfi.com/Application/Pay/Controller/PayAutoPyController.class.php 第 48 行.
NOTIC: [2] Only arrays and Traversables can be unpacked /www/wwwroot/test-otc-api.beingfi.com/Application/Pay/Controller/PayAutoPyController.class.php 第 54 行.
NOTIC: [2] array_push() expects at least 2 parameters, 1 given /www/wwwroot/test-otc-api.beingfi.com/Application/Pay/Controller/PayAutoPyController.class.php 第 54 行.

[ 2026-02-01T11:22:49+08:00 ] 13.115.53.86 /Pay/PayAutoPy/getAutoDataWithApp
INFO: [ app_init ] --START--
INFO: Run Behavior\BuildLiteBehavior [ RunTime:0.000005s ]
INFO: [ app_init ] --END-- [ RunTime:0.000028s ]
INFO: [ app_begin ] --START--
INFO: Run Behavior\ReadHtmlCacheBehavior [ RunTime:0.000197s ]
INFO: Run Behavior\CheckLangBehavior [ RunTime:0.001908s ]
INFO: [ app_begin ] --END-- [ RunTime:0.002143s ]
NOTIC: [2] implode(): Invalid arguments passed /www/wwwroot/test-otc-api.beingfi.com/core/Library/Think/Db/Driver.class.php 第 579 行.
ERR: 1064:You have an error in your SQL syntax; check the manual that corresponds to your MySQL server version for the right syntax to use near ') ORDER BY id asc' at line 1
 [ SQL语句 ] : SELECT * FROM `tw_exchange_order_2026012` WHERE `otype` = 1 AND `payparams_id` = 601 AND `status` IN () ORDER BY id asc 
NOTIC: [2] Invalid argument supplied for foreach() /www/wwwroot/test-otc-api.beingfi.com/Application/Pay/Controller/PayAutoPyController.class.php 第 48 行.
NOTIC: [2] implode(): Invalid arguments passed /www/wwwroot/test-otc-api.beingfi.com/core/Library/Think/Db/Driver.class.php 第 579 行.
ERR: 1064:You have an error in your SQL syntax; check the manual that corresponds to your MySQL server version for the right syntax to use near ') ORDER BY id asc' at line 1
 [ SQL语句 ] : SELECT * FROM `tw_exchange_order_2026012` WHERE `otype` = 1 AND `payparams_id` = 603 AND `status` IN () ORDER BY id asc 
NOTIC: [2] Invalid argument supplied for foreach() /www/wwwroot/test-otc-api.beingfi.com/Application/Pay/Controller/PayAutoPyController.class.php 第 48 行.
NOTIC: [2] Only arrays and Traversables can be unpacked /www/wwwroot/test-otc-api.beingfi.com/Application/Pay/Controller/PayAutoPyController.class.php 第 54 行.
NOTIC: [2] array_push() expects at least 2 parameters, 1 given /www/wwwroot/test-otc-api.beingfi.com/Application/Pay/Controller/PayAutoPyController.class.php 第 54 行.

[ 2026-02-01T11:22:53+08:00 ] 13.115.53.86 /Pay/PayAutoPy/getAutoDataWithApp
INFO: [ app_init ] --START--
INFO: Run Behavior\BuildLiteBehavior [ RunTime:0.000004s ]
INFO: [ app_init ] --END-- [ RunTime:0.000026s ]
INFO: [ app_begin ] --START--
INFO: Run Behavior\ReadHtmlCacheBehavior [ RunTime:0.000187s ]
INFO: Run Behavior\CheckLangBehavior [ RunTime:0.001679s ]
INFO: [ app_begin ] --END-- [ RunTime:0.001900s ]

[ 2026-02-01T11:23:18+08:00 ] 13.115.53.86 /Pay/PayAutoPy/getAutoDataWithApp
INFO: [ app_init ] --START--
INFO: Run Behavior\BuildLiteBehavior [ RunTime:0.000006s ]
INFO: [ app_init ] --END-- [ RunTime:0.000029s ]
INFO: [ app_begin ] --START--
INFO: Run Behavior\ReadHtmlCacheBehavior [ RunTime:0.000188s ]
INFO: Run Behavior\CheckLangBehavior [ RunTime:0.001686s ]
INFO: [ app_begin ] --END-- [ RunTime:0.001910s ]

[ 2026-02-01T11:23:24+08:00 ] 13.115.53.86 /Pay/PayAutoPy/getAutoDataWithApp
INFO: [ app_init ] --START--
INFO: Run Behavior\BuildLiteBehavior [ RunTime:0.000006s ]
INFO: [ app_init ] --END-- [ RunTime:0.000028s ]
INFO: [ app_begin ] --START--
INFO: Run Behavior\ReadHtmlCacheBehavior [ RunTime:0.000190s ]
INFO: Run Behavior\CheckLangBehavior [ RunTime:0.001723s ]
INFO: [ app_begin ] --END-- [ RunTime:0.001948s ]

[ 2026-02-01T11:23:29+08:00 ] 13.115.53.86 /Pay/PayAutoPy/getAutoDataWithApp
INFO: [ app_init ] --START--
INFO: Run Behavior\BuildLiteBehavior [ RunTime:0.000006s ]
INFO: [ app_init ] --END-- [ RunTime:0.000026s ]
INFO: [ app_begin ] --START--
INFO: Run Behavior\ReadHtmlCacheBehavior [ RunTime:0.000196s ]
INFO: Run Behavior\CheckLangBehavior [ RunTime:0.001877s ]
INFO: [ app_begin ] --END-- [ RunTime:0.002114s ]
ERR: 1146:Table 'exchange_db.tw_exchange_order_2026015' doesn't exist
 [ SQL语句 ] : SHOW COLUMNS FROM `tw_exchange_order_2026015`
NOTIC: [2] array_push() expects at least 2 parameters, 1 given /www/wwwroot/test-otc-api.beingfi.com/Application/Pay/Controller/PayAutoPyController.class.php 第 54 行.

[ 2026-02-01T11:23:43+08:00 ] 13.115.53.86 /Pay/PayAutoPy/getAutoDataWithApp
INFO: [ app_init ] --START--
INFO: Run Behavior\BuildLiteBehavior [ RunTime:0.000005s ]
INFO: [ app_init ] --END-- [ RunTime:0.000027s ]
INFO: [ app_begin ] --START--
INFO: Run Behavior\ReadHtmlCacheBehavior [ RunTime:0.000190s ]
INFO: Run Behavior\CheckLangBehavior [ RunTime:0.001777s ]
INFO: [ app_begin ] --END-- [ RunTime:0.002003s ]
ERR: 1146:Table 'exchange_db.tw_exchange_order_2026015' doesn't exist
 [ SQL语句 ] : SHOW COLUMNS FROM `tw_exchange_order_2026015`
ERR: 1146:Table 'exchange_db.tw_exchange_order_2026014' doesn't exist
 [ SQL语句 ] : SHOW COLUMNS FROM `tw_exchange_order_2026014`
ERR: 1146:Table 'exchange_db.tw_exchange_order_2026013' doesn't exist
 [ SQL语句 ] : SHOW COLUMNS FROM `tw_exchange_order_2026013`
NOTIC: [2] array_push() expects at least 2 parameters, 1 given /www/wwwroot/test-otc-api.beingfi.com/Application/Pay/Controller/PayAutoPyController.class.php 第 54 行.

[ 2026-02-01T11:24:05+08:00 ] 13.115.53.86 /Pay/PayAutoPy/getAutoDataWithApp
INFO: [ app_init ] --START--
INFO: Run Behavior\BuildLiteBehavior [ RunTime:0.000005s ]
INFO: [ app_init ] --END-- [ RunTime:0.000028s ]
INFO: [ app_begin ] --START--
INFO: Run Behavior\ReadHtmlCacheBehavior [ RunTime:0.000191s ]
INFO: Run Behavior\CheckLangBehavior [ RunTime:0.001714s ]
INFO: [ app_begin ] --END-- [ RunTime:0.001941s ]
ERR: 1146:Table 'exchange_db.tw_exchange_order_2026015' doesn't exist
 [ SQL语句 ] : SHOW COLUMNS FROM `tw_exchange_order_2026015`
ERR: 1146:Table 'exchange_db.tw_exchange_order_2026014' doesn't exist
 [ SQL语句 ] : SHOW COLUMNS FROM `tw_exchange_order_2026014`
ERR: 1146:Table 'exchange_db.tw_exchange_order_2026013' doesn't exist
 [ SQL语句 ] : SHOW COLUMNS FROM `tw_exchange_order_2026013`
NOTIC: [2] Invalid argument supplied for foreach() /www/wwwroot/test-otc-api.beingfi.com/Application/Pay/Controller/PayAutoPyController.class.php 第 48 行.
NOTIC: [2] Invalid argument supplied for foreach() /www/wwwroot/test-otc-api.beingfi.com/Application/Pay/Controller/PayAutoPyController.class.php 第 48 行.
NOTIC: [2] Only arrays and Traversables can be unpacked /www/wwwroot/test-otc-api.beingfi.com/Application/Pay/Controller/PayAutoPyController.class.php 第 54 行.
NOTIC: [2] array_push() expects at least 2 parameters, 1 given /www/wwwroot/test-otc-api.beingfi.com/Application/Pay/Controller/PayAutoPyController.class.php 第 54 行.

[ 2026-02-01T11:24:09+08:00 ] 13.115.53.86 /Pay/PayAutoPy/getAutoDataWithApp
INFO: [ app_init ] --START--
INFO: Run Behavior\BuildLiteBehavior [ RunTime:0.000006s ]
INFO: [ app_init ] --END-- [ RunTime:0.000027s ]
INFO: [ app_begin ] --START--
INFO: Run Behavior\ReadHtmlCacheBehavior [ RunTime:0.000194s ]
INFO: Run Behavior\CheckLangBehavior [ RunTime:0.001907s ]
INFO: [ app_begin ] --END-- [ RunTime:0.002139s ]
ERR: 1146:Table 'exchange_db.tw_exchange_order_2026015' doesn't exist
 [ SQL语句 ] : SHOW COLUMNS FROM `tw_exchange_order_2026015`
ERR: 1146:Table 'exchange_db.tw_exchange_order_2026014' doesn't exist
 [ SQL语句 ] : SHOW COLUMNS FROM `tw_exchange_order_2026014`
ERR: 1146:Table 'exchange_db.tw_exchange_order_2026013' doesn't exist
 [ SQL语句 ] : SHOW COLUMNS FROM `tw_exchange_order_2026013`
NOTIC: [2] array_push() expects at least 2 parameters, 1 given /www/wwwroot/test-otc-api.beingfi.com/Application/Pay/Controller/PayAutoPyController.class.php 第 54 行.

[ 2026-02-01T11:24:21+08:00 ] 13.115.53.86 /Pay/PayAutoPy/getAutoDataWithApp
INFO: [ app_init ] --START--
INFO: Run Behavior\BuildLiteBehavior [ RunTime:0.000005s ]
INFO: [ app_init ] --END-- [ RunTime:0.000028s ]
INFO: [ app_begin ] --START--
INFO: Run Behavior\ReadHtmlCacheBehavior [ RunTime:0.000190s ]
INFO: Run Behavior\CheckLangBehavior [ RunTime:0.001688s ]
INFO: [ app_begin ] --END-- [ RunTime:0.001913s ]

[ 2026-02-01T11:24:33+08:00 ] 13.115.53.86 /Pay/PayAutoPy/getAutoDataWithApp
INFO: [ app_init ] --START--
INFO: Run Behavior\BuildLiteBehavior [ RunTime:0.000005s ]
INFO: [ app_init ] --END-- [ RunTime:0.000028s ]
INFO: [ app_begin ] --START--
INFO: Run Behavior\ReadHtmlCacheBehavior [ RunTime:0.000203s ]
INFO: Run Behavior\CheckLangBehavior [ RunTime:0.001686s ]
INFO: [ app_begin ] --END-- [ RunTime:0.001923s ]

[ 2026-02-01T11:25:35+08:00 ] 13.115.53.86 /Pay/PayAutoPy/getAutoDataWithApp
INFO: [ app_init ] --START--
INFO: Run Behavior\BuildLiteBehavior [ RunTime:0.000005s ]
INFO: [ app_init ] --END-- [ RunTime:0.000028s ]
INFO: [ app_begin ] --START--
INFO: Run Behavior\ReadHtmlCacheBehavior [ RunTime:0.000199s ]
INFO: Run Behavior\CheckLangBehavior [ RunTime:0.001927s ]
INFO: [ app_begin ] --END-- [ RunTime:0.002166s ]

[ 2026-02-01T11:25:51+08:00 ] 13.115.53.86 /Pay/PayAutoPy/getAutoDataWithApp
INFO: [ app_init ] --START--
INFO: Run Behavior\BuildLiteBehavior [ RunTime:0.000005s ]
INFO: [ app_init ] --END-- [ RunTime:0.000028s ]
INFO: [ app_begin ] --START--
INFO: Run Behavior\ReadHtmlCacheBehavior [ RunTime:0.000189s ]
INFO: Run Behavior\CheckLangBehavior [ RunTime:0.001751s ]
INFO: [ app_begin ] --END-- [ RunTime:0.001977s ]

[ 2026-02-01T11:42:45+08:00 ] 54.249.228.111 /Pay/PayAutoPy/getAutoDataWithApp
INFO: [ app_init ] --START--
INFO: Run Behavior\BuildLiteBehavior [ RunTime:0.000005s ]
INFO: [ app_init ] --END-- [ RunTime:0.000026s ]
INFO: [ app_begin ] --START--
INFO: Run Behavior\ReadHtmlCacheBehavior [ RunTime:0.000189s ]
INFO: Run Behavior\CheckLangBehavior [ RunTime:0.001725s ]
INFO: [ app_begin ] --END-- [ RunTime:0.001950s ]

[ 2026-02-01T11:42:58+08:00 ] 54.249.228.111 /Pay/PayAutoPy/getAutoDataWithApp
INFO: [ app_init ] --START--
INFO: Run Behavior\BuildLiteBehavior [ RunTime:0.000005s ]
INFO: [ app_init ] --END-- [ RunTime:0.000028s ]
INFO: [ app_begin ] --START--
INFO: Run Behavior\ReadHtmlCacheBehavior [ RunTime:0.000191s ]
INFO: Run Behavior\CheckLangBehavior [ RunTime:0.001726s ]
INFO: [ app_begin ] --END-- [ RunTime:0.001951s ]

[ 2026-02-01T11:49:52+08:00 ] 54.249.228.111 /Pay/PayAutoPy/getAutoDataWithApp
INFO: [ app_init ] --START--
INFO: Run Behavior\BuildLiteBehavior [ RunTime:0.000005s ]
INFO: [ app_init ] --END-- [ RunTime:0.000027s ]
INFO: [ app_begin ] --START--
INFO: Run Behavior\ReadHtmlCacheBehavior [ RunTime:0.000197s ]
INFO: Run Behavior\CheckLangBehavior [ RunTime:0.001917s ]
INFO: [ app_begin ] --END-- [ RunTime:0.002156s ]

[ 2026-02-01T11:51:51+08:00 ] 54.249.228.111 /Pay/PayAutoPy/getAutoDataWithApp
INFO: [ app_init ] --START--
INFO: Run Behavior\BuildLiteBehavior [ RunTime:0.000005s ]
INFO: [ app_init ] --END-- [ RunTime:0.000028s ]
INFO: [ app_begin ] --START--
INFO: Run Behavior\ReadHtmlCacheBehavior [ RunTime:0.000199s ]
INFO: Run Behavior\CheckLangBehavior [ RunTime:0.001884s ]
INFO: [ app_begin ] --END-- [ RunTime:0.002122s ]

[ 2026-02-01T11:51:55+08:00 ] 54.249.228.111 /Pay/PayAutoPy/getAutoDataWithApp
INFO: [ app_init ] --START--
INFO: Run Behavior\BuildLiteBehavior [ RunTime:0.000005s ]
INFO: [ app_init ] --END-- [ RunTime:0.000027s ]
INFO: [ app_begin ] --START--
INFO: Run Behavior\ReadHtmlCacheBehavior [ RunTime:0.000189s ]
INFO: Run Behavior\CheckLangBehavior [ RunTime:0.001668s ]
INFO: [ app_begin ] --END-- [ RunTime:0.001892s ]

[ 2026-02-01T11:56:00+08:00 ] 54.249.228.111 /Pay/PayAutoPy/getAutoDataWithApp
INFO: [ app_init ] --START--
INFO: Run Behavior\BuildLiteBehavior [ RunTime:0.000005s ]
INFO: [ app_init ] --END-- [ RunTime:0.000032s ]
INFO: [ app_begin ] --START--
INFO: Run Behavior\ReadHtmlCacheBehavior [ RunTime:0.000189s ]
INFO: Run Behavior\CheckLangBehavior [ RunTime:0.001711s ]
INFO: [ app_begin ] --END-- [ RunTime:0.001934s ]

[ 2026-02-01T11:58:56+08:00 ] 54.249.228.111 /Pay/PayAutoPy/paySuccessNotify
INFO: [ app_init ] --START--
INFO: Run Behavior\BuildLiteBehavior [ RunTime:0.000005s ]
INFO: [ app_init ] --END-- [ RunTime:0.000026s ]
INFO: [ app_begin ] --START--
INFO: Run Behavior\ReadHtmlCacheBehavior [ RunTime:0.000198s ]
INFO: Run Behavior\CheckLangBehavior [ RunTime:0.001870s ]
INFO: [ app_begin ] --END-- [ RunTime:0.002107s ]
NOTIC: [8] Undefined index: orderid /www/wwwroot/test-otc-api.beingfi.com/Application/Pay/Controller/PayAutoPyController.class.php 第 84 行.
ERR: 1146:Table 'exchange_db.tw_exchange_order_2026015' doesn't exist
 [ SQL语句 ] : SHOW COLUMNS FROM `tw_exchange_order_2026015`
ERR: 1146:Table 'exchange_db.tw_exchange_order_2026014' doesn't exist
 [ SQL语句 ] : SHOW COLUMNS FROM `tw_exchange_order_2026014`
ERR: 1146:Table 'exchange_db.tw_exchange_order_2026013' doesn't exist
 [ SQL语句 ] : SHOW COLUMNS FROM `tw_exchange_order_2026013`

[ 2026-02-01T12:12:22+08:00 ] 54.249.228.111 /Pay/PayAutoPy/getAutoDataWithApp
INFO: [ app_init ] --START--
INFO: Run Behavior\BuildLiteBehavior [ RunTime:0.000005s ]
INFO: [ app_init ] --END-- [ RunTime:0.000027s ]
INFO: [ app_begin ] --START--
INFO: Run Behavior\ReadHtmlCacheBehavior [ RunTime:0.000185s ]
INFO: Run Behavior\CheckLangBehavior [ RunTime:0.001864s ]
INFO: [ app_begin ] --END-- [ RunTime:0.002087s ]

[ 2026-02-01T12:14:03+08:00 ] 54.249.228.111 /Pay/PayAutoPy/paySuccessNotify
INFO: [ app_init ] --START--
INFO: Run Behavior\BuildLiteBehavior [ RunTime:0.000005s ]
INFO: [ app_init ] --END-- [ RunTime:0.000039s ]
INFO: [ app_begin ] --START--
INFO: Run Behavior\ReadHtmlCacheBehavior [ RunTime:0.000184s ]
INFO: Run Behavior\CheckLangBehavior [ RunTime:0.001871s ]
INFO: [ app_begin ] --END-- [ RunTime:0.002091s ]
NOTIC: [8] Undefined index: orderid /www/wwwroot/test-otc-api.beingfi.com/Application/Pay/Controller/PayAutoPyController.class.php 第 84 行.
NOTIC: [8] Undefined index: status /www/wwwroot/test-otc-api.beingfi.com/Application/Pay/Controller/PayAutoPyController.class.php 第 85 行.
NOTIC: [8] Undefined index: remark /www/wwwroot/test-otc-api.beingfi.com/Application/Pay/Controller/PayAutoPyController.class.php 第 86 行.
ERR: 1146:Table 'exchange_db.tw_exchange_order_2026015' doesn't exist
 [ SQL语句 ] : SHOW COLUMNS FROM `tw_exchange_order_2026015`
ERR: 1146:Table 'exchange_db.tw_exchange_order_2026014' doesn't exist
 [ SQL语句 ] : SHOW COLUMNS FROM `tw_exchange_order_2026014`
ERR: 1146:Table 'exchange_db.tw_exchange_order_2026013' doesn't exist
 [ SQL语句 ] : SHOW COLUMNS FROM `tw_exchange_order_2026013`

[ 2026-02-01T12:14:04+08:00 ] 54.249.228.111 /Pay/PayAutoPy/getAutoDataWithApp
INFO: [ app_init ] --START--
INFO: Run Behavior\BuildLiteBehavior [ RunTime:0.000005s ]
INFO: [ app_init ] --END-- [ RunTime:0.000026s ]
INFO: [ app_begin ] --START--
INFO: Run Behavior\ReadHtmlCacheBehavior [ RunTime:0.000188s ]
INFO: Run Behavior\CheckLangBehavior [ RunTime:0.001698s ]
INFO: [ app_begin ] --END-- [ RunTime:0.001924s ]

[ 2026-02-01T12:15:40+08:00 ] 54.249.228.111 /Pay/PayAutoPy/paySuccessNotify
INFO: [ app_init ] --START--
INFO: Run Behavior\BuildLiteBehavior [ RunTime:0.000005s ]
INFO: [ app_init ] --END-- [ RunTime:0.000027s ]
INFO: [ app_begin ] --START--
INFO: Run Behavior\ReadHtmlCacheBehavior [ RunTime:0.000192s ]
INFO: Run Behavior\CheckLangBehavior [ RunTime:0.001907s ]
INFO: [ app_begin ] --END-- [ RunTime:0.002138s ]
NOTIC: [8] Undefined index: orderid /www/wwwroot/test-otc-api.beingfi.com/Application/Pay/Controller/PayAutoPyController.class.php 第 84 行.
NOTIC: [8] Undefined index: status /www/wwwroot/test-otc-api.beingfi.com/Application/Pay/Controller/PayAutoPyController.class.php 第 85 行.
NOTIC: [8] Undefined index: remark /www/wwwroot/test-otc-api.beingfi.com/Application/Pay/Controller/PayAutoPyController.class.php 第 86 行.
ERR: 1146:Table 'exchange_db.tw_exchange_order_2026015' doesn't exist
 [ SQL语句 ] : SHOW COLUMNS FROM `tw_exchange_order_2026015`
ERR: 1146:Table 'exchange_db.tw_exchange_order_2026014' doesn't exist
 [ SQL语句 ] : SHOW COLUMNS FROM `tw_exchange_order_2026014`
ERR: 1146:Table 'exchange_db.tw_exchange_order_2026013' doesn't exist
 [ SQL语句 ] : SHOW COLUMNS FROM `tw_exchange_order_2026013`

[ 2026-02-01T12:15:59+08:00 ] 54.249.228.111 /Pay/PayAutoPy/getAutoDataWithApp
INFO: [ app_init ] --START--
INFO: Run Behavior\BuildLiteBehavior [ RunTime:0.000005s ]
INFO: [ app_init ] --END-- [ RunTime:0.000027s ]
INFO: [ app_begin ] --START--
INFO: Run Behavior\ReadHtmlCacheBehavior [ RunTime:0.000185s ]
INFO: Run Behavior\CheckLangBehavior [ RunTime:0.001693s ]
INFO: [ app_begin ] --END-- [ RunTime:0.001927s ]

[ 2026-02-01T12:17:12+08:00 ] 54.249.228.111 /Pay/PayAutoPy/getAutoDataWithApp
INFO: [ app_init ] --START--
INFO: Run Behavior\BuildLiteBehavior [ RunTime:0.000005s ]
INFO: [ app_init ] --END-- [ RunTime:0.000025s ]
INFO: [ app_begin ] --START--
INFO: Run Behavior\ReadHtmlCacheBehavior [ RunTime:0.000186s ]
INFO: Run Behavior\CheckLangBehavior [ RunTime:0.001732s ]
INFO: [ app_begin ] --END-- [ RunTime:0.001953s ]

[ 2026-02-01T12:18:27+08:00 ] 54.249.228.111 /Pay/PayAutoPy/getAutoDataWithApp
INFO: [ app_init ] --START--
INFO: Run Behavior\BuildLiteBehavior [ RunTime:0.000005s ]
INFO: [ app_init ] --END-- [ RunTime:0.000027s ]
INFO: [ app_begin ] --START--
INFO: Run Behavior\ReadHtmlCacheBehavior [ RunTime:0.000200s ]
INFO: Run Behavior\CheckLangBehavior [ RunTime:0.001713s ]
INFO: [ app_begin ] --END-- [ RunTime:0.001948s ]

[ 2026-02-01T12:19:20+08:00 ] 54.249.228.111 /Pay/PayAutoPy/getAutoDataWithApp
INFO: [ app_init ] --START--
INFO: Run Behavior\BuildLiteBehavior [ RunTime:0.000005s ]
INFO: [ app_init ] --END-- [ RunTime:0.000026s ]
INFO: [ app_begin ] --START--
INFO: Run Behavior\ReadHtmlCacheBehavior [ RunTime:0.000192s ]
INFO: Run Behavior\CheckLangBehavior [ RunTime:0.001913s ]
INFO: [ app_begin ] --END-- [ RunTime:0.002146s ]

[ 2026-02-01T12:20:33+08:00 ] 54.249.228.111 /Pay/PayAutoPy/getAutoDataWithApp
INFO: [ app_init ] --START--
INFO: Run Behavior\BuildLiteBehavior [ RunTime:0.000005s ]
INFO: [ app_init ] --END-- [ RunTime:0.000026s ]
INFO: [ app_begin ] --START--
INFO: Run Behavior\ReadHtmlCacheBehavior [ RunTime:0.000186s ]
INFO: Run Behavior\CheckLangBehavior [ RunTime:0.001851s ]
INFO: [ app_begin ] --END-- [ RunTime:0.002073s ]

[ 2026-02-01T12:21:38+08:00 ] 54.249.228.111 /Pay/PayAutoPy/getAutoDataWithApp
INFO: [ app_init ] --START--
INFO: Run Behavior\BuildLiteBehavior [ RunTime:0.000005s ]
INFO: [ app_init ] --END-- [ RunTime:0.000026s ]
INFO: [ app_begin ] --START--
INFO: Run Behavior\ReadHtmlCacheBehavior [ RunTime:0.000186s ]
INFO: Run Behavior\CheckLangBehavior [ RunTime:0.001705s ]
INFO: [ app_begin ] --END-- [ RunTime:0.001927s ]

[ 2026-02-01T12:23:53+08:00 ] 54.249.228.111 /Pay/PayAutoPy/getAutoDataWithApp
INFO: [ app_init ] --START--
INFO: Run Behavior\BuildLiteBehavior [ RunTime:0.000006s ]
INFO: [ app_init ] --END-- [ RunTime:0.000027s ]
INFO: [ app_begin ] --START--
INFO: Run Behavior\ReadHtmlCacheBehavior [ RunTime:0.000193s ]
INFO: Run Behavior\CheckLangBehavior [ RunTime:0.001880s ]
INFO: [ app_begin ] --END-- [ RunTime:0.002112s ]

[ 2026-02-01T12:25:24+08:00 ] 54.249.228.111 /Pay/PayAutoPy/getAutoDataWithApp
INFO: [ app_init ] --START--
INFO: Run Behavior\BuildLiteBehavior [ RunTime:0.000005s ]
INFO: [ app_init ] --END-- [ RunTime:0.000026s ]
INFO: [ app_begin ] --START--
INFO: Run Behavior\ReadHtmlCacheBehavior [ RunTime:0.000201s ]
INFO: Run Behavior\CheckLangBehavior [ RunTime:0.001673s ]
INFO: [ app_begin ] --END-- [ RunTime:0.001910s ]

[ 2026-02-01T12:28:32+08:00 ] 54.249.228.111 /Pay/PayAutoPy/getAutoDataWithApp
INFO: [ app_init ] --START--
INFO: Run Behavior\BuildLiteBehavior [ RunTime:0.000005s ]
INFO: [ app_init ] --END-- [ RunTime:0.000028s ]
INFO: [ app_begin ] --START--
INFO: Run Behavior\ReadHtmlCacheBehavior [ RunTime:0.000188s ]
INFO: Run Behavior\CheckLangBehavior [ RunTime:0.001717s ]
INFO: [ app_begin ] --END-- [ RunTime:0.001944s ]

[ 2026-02-01T12:29:23+08:00 ] 54.249.228.111 /Pay/PayAutoPy/paySuccessNotify
INFO: [ app_init ] --START--
INFO: Run Behavior\BuildLiteBehavior [ RunTime:0.000004s ]
INFO: [ app_init ] --END-- [ RunTime:0.000027s ]
INFO: [ app_begin ] --START--
INFO: Run Behavior\ReadHtmlCacheBehavior [ RunTime:0.000195s ]
INFO: Run Behavior\CheckLangBehavior [ RunTime:0.001865s ]
INFO: [ app_begin ] --END-- [ RunTime:0.002100s ]
NOTIC: [8] Undefined index: orderid /www/wwwroot/test-otc-api.beingfi.com/Application/Pay/Controller/PayAutoPyController.class.php 第 84 行.
NOTIC: [8] Undefined index: status /www/wwwroot/test-otc-api.beingfi.com/Application/Pay/Controller/PayAutoPyController.class.php 第 85 行.
NOTIC: [8] Undefined index: remark /www/wwwroot/test-otc-api.beingfi.com/Application/Pay/Controller/PayAutoPyController.class.php 第 86 行.
ERR: 1146:Table 'exchange_db.tw_exchange_order_2026015' doesn't exist
 [ SQL语句 ] : SHOW COLUMNS FROM `tw_exchange_order_2026015`
ERR: 1146:Table 'exchange_db.tw_exchange_order_2026014' doesn't exist
 [ SQL语句 ] : SHOW COLUMNS FROM `tw_exchange_order_2026014`
ERR: 1146:Table 'exchange_db.tw_exchange_order_2026013' doesn't exist
 [ SQL语句 ] : SHOW COLUMNS FROM `tw_exchange_order_2026013`

[ 2026-02-01T12:29:25+08:00 ] 54.249.228.111 /Pay/PayAutoPy/getAutoDataWithApp
INFO: [ app_init ] --START--
INFO: Run Behavior\BuildLiteBehavior [ RunTime:0.000005s ]
INFO: [ app_init ] --END-- [ RunTime:0.000027s ]
INFO: [ app_begin ] --START--
INFO: Run Behavior\ReadHtmlCacheBehavior [ RunTime:0.000191s ]
INFO: Run Behavior\CheckLangBehavior [ RunTime:0.001877s ]
INFO: [ app_begin ] --END-- [ RunTime:0.002105s ]

[ 2026-02-01T12:30:11+08:00 ] 54.249.228.111 /Pay/PayAutoPy/getAutoDataWithApp
INFO: [ app_init ] --START--
INFO: Run Behavior\BuildLiteBehavior [ RunTime:0.000005s ]
INFO: [ app_init ] --END-- [ RunTime:0.000027s ]
INFO: [ app_begin ] --START--
INFO: Run Behavior\ReadHtmlCacheBehavior [ RunTime:0.000189s ]
INFO: Run Behavior\CheckLangBehavior [ RunTime:0.001917s ]
INFO: [ app_begin ] --END-- [ RunTime:0.002144s ]

[ 2026-02-01T12:30:51+08:00 ] 54.249.228.111 /Pay/PayAutoPy/paySuccessNotify
INFO: [ app_init ] --START--
INFO: Run Behavior\BuildLiteBehavior [ RunTime:0.000004s ]
INFO: [ app_init ] --END-- [ RunTime:0.000026s ]
INFO: [ app_begin ] --START--
INFO: Run Behavior\ReadHtmlCacheBehavior [ RunTime:0.000184s ]
INFO: Run Behavior\CheckLangBehavior [ RunTime:0.001891s ]
INFO: [ app_begin ] --END-- [ RunTime:0.002109s ]
NOTIC: [8] Undefined index: orderid /www/wwwroot/test-otc-api.beingfi.com/Application/Pay/Controller/PayAutoPyController.class.php 第 84 行.
NOTIC: [8] Undefined index: status /www/wwwroot/test-otc-api.beingfi.com/Application/Pay/Controller/PayAutoPyController.class.php 第 85 行.
NOTIC: [8] Undefined index: remark /www/wwwroot/test-otc-api.beingfi.com/Application/Pay/Controller/PayAutoPyController.class.php 第 86 行.
ERR: 1146:Table 'exchange_db.tw_exchange_order_2026015' doesn't exist
 [ SQL语句 ] : SHOW COLUMNS FROM `tw_exchange_order_2026015`
ERR: 1146:Table 'exchange_db.tw_exchange_order_2026014' doesn't exist
 [ SQL语句 ] : SHOW COLUMNS FROM `tw_exchange_order_2026014`
ERR: 1146:Table 'exchange_db.tw_exchange_order_2026013' doesn't exist
 [ SQL语句 ] : SHOW COLUMNS FROM `tw_exchange_order_2026013`

[ 2026-02-01T12:30:52+08:00 ] 54.249.228.111 /Pay/PayAutoPy/getAutoDataWithApp
INFO: [ app_init ] --START--
INFO: Run Behavior\BuildLiteBehavior [ RunTime:0.000005s ]
INFO: [ app_init ] --END-- [ RunTime:0.000027s ]
INFO: [ app_begin ] --START--
INFO: Run Behavior\ReadHtmlCacheBehavior [ RunTime:0.000193s ]
INFO: Run Behavior\CheckLangBehavior [ RunTime:0.001865s ]
INFO: [ app_begin ] --END-- [ RunTime:0.002098s ]

[ 2026-02-01T12:31:34+08:00 ] 54.249.228.111 /Pay/PayAutoPy/paySuccessNotify
INFO: [ app_init ] --START--
INFO: Run Behavior\BuildLiteBehavior [ RunTime:0.000005s ]
INFO: [ app_init ] --END-- [ RunTime:0.000026s ]
INFO: [ app_begin ] --START--
INFO: Run Behavior\ReadHtmlCacheBehavior [ RunTime:0.000182s ]
INFO: Run Behavior\CheckLangBehavior [ RunTime:0.001715s ]
INFO: [ app_begin ] --END-- [ RunTime:0.001935s ]
NOTIC: [8] Undefined index: orderid /www/wwwroot/test-otc-api.beingfi.com/Application/Pay/Controller/PayAutoPyController.class.php 第 84 行.
NOTIC: [8] Undefined index: status /www/wwwroot/test-otc-api.beingfi.com/Application/Pay/Controller/PayAutoPyController.class.php 第 85 行.
NOTIC: [8] Undefined index: remark /www/wwwroot/test-otc-api.beingfi.com/Application/Pay/Controller/PayAutoPyController.class.php 第 86 行.
ERR: 1146:Table 'exchange_db.tw_exchange_order_2026015' doesn't exist
 [ SQL语句 ] : SHOW COLUMNS FROM `tw_exchange_order_2026015`
ERR: 1146:Table 'exchange_db.tw_exchange_order_2026014' doesn't exist
 [ SQL语句 ] : SHOW COLUMNS FROM `tw_exchange_order_2026014`
ERR: 1146:Table 'exchange_db.tw_exchange_order_2026013' doesn't exist
 [ SQL语句 ] : SHOW COLUMNS FROM `tw_exchange_order_2026013`

[ 2026-02-01T12:31:36+08:00 ] 54.249.228.111 /Pay/PayAutoPy/getAutoDataWithApp
INFO: [ app_init ] --START--
INFO: Run Behavior\BuildLiteBehavior [ RunTime:0.000005s ]
INFO: [ app_init ] --END-- [ RunTime:0.000026s ]
INFO: [ app_begin ] --START--
INFO: Run Behavior\ReadHtmlCacheBehavior [ RunTime:0.000202s ]
INFO: Run Behavior\CheckLangBehavior [ RunTime:0.001888s ]
INFO: [ app_begin ] --END-- [ RunTime:0.002128s ]

[ 2026-02-01T12:32:18+08:00 ] 54.249.228.111 /Pay/PayAutoPy/getAutoDataWithApp
INFO: [ app_init ] --START--
INFO: Run Behavior\BuildLiteBehavior [ RunTime:0.000005s ]
INFO: [ app_init ] --END-- [ RunTime:0.000025s ]
INFO: [ app_begin ] --START--
INFO: Run Behavior\ReadHtmlCacheBehavior [ RunTime:0.000184s ]
INFO: Run Behavior\CheckLangBehavior [ RunTime:0.001730s ]
INFO: [ app_begin ] --END-- [ RunTime:0.001950s ]

[ 2026-02-01T12:33:55+08:00 ] 54.249.228.111 /Pay/PayAutoPy/paySuccessNotify
INFO: [ app_init ] --START--
INFO: Run Behavior\BuildLiteBehavior [ RunTime:0.000005s ]
INFO: [ app_init ] --END-- [ RunTime:0.000027s ]
INFO: [ app_begin ] --START--
INFO: Run Behavior\ReadHtmlCacheBehavior [ RunTime:0.000187s ]
INFO: Run Behavior\CheckLangBehavior [ RunTime:0.001881s ]
INFO: [ app_begin ] --END-- [ RunTime:0.002106s ]
NOTIC: [8] Undefined index: orderid /www/wwwroot/test-otc-api.beingfi.com/Application/Pay/Controller/PayAutoPyController.class.php 第 84 行.
NOTIC: [8] Undefined index: status /www/wwwroot/test-otc-api.beingfi.com/Application/Pay/Controller/PayAutoPyController.class.php 第 85 行.
NOTIC: [8] Undefined index: remark /www/wwwroot/test-otc-api.beingfi.com/Application/Pay/Controller/PayAutoPyController.class.php 第 86 行.
ERR: 1146:Table 'exchange_db.tw_exchange_order_2026015' doesn't exist
 [ SQL语句 ] : SHOW COLUMNS FROM `tw_exchange_order_2026015`
ERR: 1146:Table 'exchange_db.tw_exchange_order_2026014' doesn't exist
 [ SQL语句 ] : SHOW COLUMNS FROM `tw_exchange_order_2026014`
ERR: 1146:Table 'exchange_db.tw_exchange_order_2026013' doesn't exist
 [ SQL语句 ] : SHOW COLUMNS FROM `tw_exchange_order_2026013`

[ 2026-02-01T12:39:59+08:00 ] 54.249.228.111 /Pay/PayAutoPy/getAutoDataWithApp
INFO: [ app_init ] --START--
INFO: Run Behavior\BuildLiteBehavior [ RunTime:0.000006s ]
INFO: [ app_init ] --END-- [ RunTime:0.000034s ]
INFO: [ app_begin ] --START--
INFO: Run Behavior\ReadHtmlCacheBehavior [ RunTime:0.000192s ]
INFO: Run Behavior\CheckLangBehavior [ RunTime:0.001872s ]
INFO: [ app_begin ] --END-- [ RunTime:0.002102s ]

[ 2026-02-01T12:41:58+08:00 ] 54.249.228.111 /Pay/PayAutoPy/paySuccessNotify
INFO: [ app_init ] --START--
INFO: Run Behavior\BuildLiteBehavior [ RunTime:0.000004s ]
INFO: [ app_init ] --END-- [ RunTime:0.000027s ]
INFO: [ app_begin ] --START--
INFO: Run Behavior\ReadHtmlCacheBehavior [ RunTime:0.000185s ]
INFO: Run Behavior\CheckLangBehavior [ RunTime:0.001723s ]
INFO: [ app_begin ] --END-- [ RunTime:0.001944s ]
NOTIC: [8] Undefined index: orderid /www/wwwroot/test-otc-api.beingfi.com/Application/Pay/Controller/PayAutoPyController.class.php 第 84 行.
NOTIC: [8] Undefined index: status /www/wwwroot/test-otc-api.beingfi.com/Application/Pay/Controller/PayAutoPyController.class.php 第 85 行.
NOTIC: [8] Undefined index: remark /www/wwwroot/test-otc-api.beingfi.com/Application/Pay/Controller/PayAutoPyController.class.php 第 86 行.
ERR: 1146:Table 'exchange_db.tw_exchange_order_2026015' doesn't exist
 [ SQL语句 ] : SHOW COLUMNS FROM `tw_exchange_order_2026015`
ERR: 1146:Table 'exchange_db.tw_exchange_order_2026014' doesn't exist
 [ SQL语句 ] : SHOW COLUMNS FROM `tw_exchange_order_2026014`
ERR: 1146:Table 'exchange_db.tw_exchange_order_2026013' doesn't exist
 [ SQL语句 ] : SHOW COLUMNS FROM `tw_exchange_order_2026013`

[ 2026-02-01T12:42:00+08:00 ] 54.249.228.111 /Pay/PayAutoPy/getAutoDataWithApp
INFO: [ app_init ] --START--
INFO: Run Behavior\BuildLiteBehavior [ RunTime:0.000005s ]
INFO: [ app_init ] --END-- [ RunTime:0.000026s ]
INFO: [ app_begin ] --START--
INFO: Run Behavior\ReadHtmlCacheBehavior [ RunTime:0.000201s ]
INFO: Run Behavior\CheckLangBehavior [ RunTime:0.001846s ]
INFO: [ app_begin ] --END-- [ RunTime:0.002084s ]

